<?xml version="1.0" encoding="UTF-8"?>
<!-- Generated by org.testng.reporters.JUnitReportReporter -->
<testsuite hostname="Sonu" failures="0" tests="3" name="testNg.DataProviders" time="0.008" errors="0" timestamp="2023-06-25T18:21:45 IST" skipped="0">
  <testcase classname="testNg.DataProviders" name="showData" time="0.006"/>
  <system-out/>
  <testcase classname="testNg.DataProviders" name="showData" time="0.001"/>
  <system-out/>
  <testcase classname="testNg.DataProviders" name="showData" time="0.001"/>
  <system-out/>
</testsuite> <!-- testNg.DataProviders -->
