<?xml version="1.0" encoding="UTF-8"?>
<!-- Generated by org.testng.reporters.JUnitReportReporter -->
<testsuite hostname="Sonu" failures="0" tests="1" name="testNg.Parametrisation" time="0.007" errors="0" timestamp="2023-06-22T23:13:53 IST" skipped="0">
  <testcase classname="testNg.Parametrisation" name="getData" time="0.007"/>
  <system-out/>
</testsuite> <!-- testNg.Parametrisation -->
