<?xml version="1.0" encoding="UTF-8"?>
<!-- Generated by org.testng.reporters.JUnitReportReporter -->
<testsuite hostname="Sonu" failures="0" tests="4" name="testNg.DataproviderExcel" time="0.006" errors="0" timestamp="2023-06-25T19:12:23 IST" skipped="0">
  <testcase classname="testNg.DataproviderExcel" name="showData" time="0.000"/>
  <system-out/>
  <testcase classname="testNg.DataproviderExcel" name="showData" time="0.000"/>
  <system-out/>
  <testcase classname="testNg.DataproviderExcel" name="showData" time="0.006"/>
  <system-out/>
  <testcase classname="testNg.DataproviderExcel" name="showData" time="0.000"/>
  <system-out/>
</testsuite> <!-- testNg.DataproviderExcel -->
